# JRE version: OpenJDK Runtime Environment (19.0.1+10) (build 19.0.1+10-21)
# Java VM: OpenJDK 64-Bit Server VM (19.0.1+10-21, mixed mode, sharing, tiered, compressed oops, compressed class ptrs, g1 gc, windows-amd64)
GC Precious Log:
 CardTable entry size: 512
 Card Set container configuration: InlinePtr #cards 5 size 8 Array Of Cards #cards 12 size 40 Howl #buckets 4 coarsen threshold 1843 Howl Bitmap #cards 512 size 80 coarsen threshold 460 Card regions per heap region 1 cards per card region 2048
 CPUs: 8 total, 8 available
 Memory: 8108M
 Large Page Support: Disabled
 NUMA Support: Disabled
 Compressed Oops: Enabled (32-bit)
 Heap Region Size: 1M
 Heap Min Capacity: 8M
 Heap Initial Capacity: 128M
 Heap Max Capacity: 2028M
 Pre-touch: Disabled
 Parallel Workers: 8
 Concurrent Workers: 2
 Concurrent Refinement Workers: 8
 Periodic GC: Disabled
Heap:
 garbage-first heap   total 96256K, used 57154K [0x0000000081400000, 0x0000000100000000)
  region size 1024K, 4 young (4096K), 4 survivors (4096K)
 Metaspace       used 61831K, committed 62336K, reserved 1114112K
  class space    used 7802K, committed 8064K, reserved 1048576K
GC Heap History (20 events):
Event: 6.268 GC heap after
{Heap after GC invocations=9 (full 0):
 garbage-first heap   total 48128K, used 18992K [0x0000000081400000, 0x0000000100000000)
  region size 1024K, 2 young (2048K), 2 survivors (2048K)
 Metaspace       used 35777K, committed 36160K, reserved 1114112K
  class space    used 4483K, committed 4672K, reserved 1048576K
}
Event: 7.000 GC heap before
{Heap before GC invocations=10 (full 0):
 garbage-first heap   total 48128K, used 34352K [0x0000000081400000, 0x0000000100000000)
  region size 1024K, 17 young (17408K), 2 survivors (2048K)
 Metaspace       used 43171K, committed 43584K, reserved 1114112K
  class space    used 5384K, committed 5568K, reserved 1048576K
}
Event: 7.004 GC heap after
{Heap after GC invocations=11 (full 0):
 garbage-first heap   total 48128K, used 20584K [0x0000000081400000, 0x0000000100000000)
  region size 1024K, 3 young (3072K), 3 survivors (3072K)
 Metaspace       used 43171K, committed 43584K, reserved 1114112K
  class space    used 5384K, committed 5568K, reserved 1048576K
}
Event: 7.031 GC heap before
{Heap before GC invocations=11 (full 0):
 garbage-first heap   total 48128K, used 21608K [0x0000000081400000, 0x0000000100000000)
  region size 1024K, 4 young (4096K), 3 survivors (3072K)
 Metaspace       used 43328K, committed 43776K, reserved 1114112K
  class space    used 5407K, committed 5632K, reserved 1048576K
}
Event: 7.035 GC heap after
{Heap after GC invocations=12 (full 0):
 garbage-first heap   total 48128K, used 20672K [0x0000000081400000, 0x0000000100000000)
  region size 1024K, 1 young (1024K), 1 survivors (1024K)
 Metaspace       used 43328K, committed 43776K, reserved 1114112K
  class space    used 5407K, committed 5632K, reserved 1048576K
}
Event: 7.479 GC heap before
{Heap before GC invocations=12 (full 0):
 garbage-first heap   total 48128K, used 33984K [0x0000000081400000, 0x0000000100000000)
  region size 1024K, 15 young (15360K), 1 survivors (1024K)
 Metaspace       used 47236K, committed 47616K, reserved 1114112K
  class space    used 5954K, committed 6144K, reserved 1048576K
}
Event: 7.484 GC heap after
{Heap after GC invocations=13 (full 0):
 garbage-first heap   total 96256K, used 21403K [0x0000000081400000, 0x0000000100000000)
  region size 1024K, 2 young (2048K), 2 survivors (2048K)
 Metaspace       used 47236K, committed 47616K, reserved 1114112K
  class space    used 5954K, committed 6144K, reserved 1048576K
}
Event: 8.822 GC heap before
{Heap before GC invocations=13 (full 0):
 garbage-first heap   total 96256K, used 64411K [0x0000000081400000, 0x0000000100000000)
  region size 1024K, 45 young (46080K), 2 survivors (2048K)
 Metaspace       used 54906K, committed 55296K, reserved 1114112K
  class space    used 6982K, committed 7168K, reserved 1048576K
}
Event: 8.827 GC heap after
{Heap after GC invocations=14 (full 0):
 garbage-first heap   total 96256K, used 23771K [0x0000000081400000, 0x0000000100000000)
  region size 1024K, 4 young (4096K), 4 survivors (4096K)
 Metaspace       used 54906K, committed 55296K, reserved 1114112K
  class space    used 6982K, committed 7168K, reserved 1048576K
}
Event: 9.678 GC heap before
{Heap before GC invocations=14 (full 0):
 garbage-first heap   total 96256K, used 67803K [0x0000000081400000, 0x0000000100000000)
  region size 1024K, 47 young (48128K), 4 survivors (4096K)
 Metaspace       used 59623K, committed 60160K, reserved 1114112K
  class space    used 7552K, committed 7808K, reserved 1048576K
}
Event: 9.686 GC heap after
{Heap after GC invocations=15 (full 0):
 garbage-first heap   total 96256K, used 27044K [0x0000000081400000, 0x0000000100000000)
  region size 1024K, 6 young (6144K), 6 survivors (6144K)
 Metaspace       used 59623K, committed 60160K, reserved 1114112K
  class space    used 7552K, committed 7808K, reserved 1048576K
}
Event: 9.783 GC heap before
{Heap before GC invocations=15 (full 0):
 garbage-first heap   total 96256K, used 30116K [0x0000000081400000, 0x0000000100000000)
  region size 1024K, 10 young (10240K), 6 survivors (6144K)
 Metaspace       used 60318K, committed 60800K, reserved 1114112K
  class space    used 7641K, committed 7872K, reserved 1048576K
}
Event: 9.789 GC heap after
{Heap after GC invocations=16 (full 0):
 garbage-first heap   total 96256K, used 27815K [0x0000000081400000, 0x0000000100000000)
  region size 1024K, 1 young (1024K), 1 survivors (1024K)
 Metaspace       used 60318K, committed 60800K, reserved 1114112K
  class space    used 7641K, committed 7872K, reserved 1048576K
}
Event: 10.165 GC heap before
{Heap before GC invocations=17 (full 0):
 garbage-first heap   total 96256K, used 71847K [0x0000000081400000, 0x0000000100000000)
  region size 1024K, 44 young (45056K), 1 survivors (1024K)
 Metaspace       used 61591K, committed 62144K, reserved 1114112K
  class space    used 7793K, committed 8064K, reserved 1048576K
}
Event: 10.175 GC heap after
{Heap after GC invocations=18 (full 0):
 garbage-first heap   total 96256K, used 37387K [0x0000000081400000, 0x0000000100000000)
  region size 1024K, 6 young (6144K), 6 survivors (6144K)
 Metaspace       used 61591K, committed 62144K, reserved 1114112K
  class space    used 7793K, committed 8064K, reserved 1048576K
}
Event: 10.333 GC heap before
{Heap before GC invocations=18 (full 0):
 garbage-first heap   total 96256K, used 70155K [0x0000000081400000, 0x0000000100000000)
  region size 1024K, 38 young (38912K), 6 survivors (6144K)
 Metaspace       used 61706K, committed 62272K, reserved 1114112K
  class space    used 7796K, committed 8064K, reserved 1048576K
}
Event: 10.341 GC heap after
{Heap after GC invocations=19 (full 0):
 garbage-first heap   total 96256K, used 42798K [0x0000000081400000, 0x0000000100000000)
  region size 1024K, 5 young (5120K), 5 survivors (5120K)
 Metaspace       used 61706K, committed 62272K, reserved 1114112K
  class space    used 7796K, committed 8064K, reserved 1048576K
}
Event: 10.508 GC heap before
{Heap before GC invocations=19 (full 0):
 garbage-first heap   total 96256K, used 72494K [0x0000000081400000, 0x0000000100000000)
  region size 1024K, 33 young (33792K), 5 survivors (5120K)
 Metaspace       used 61773K, committed 62272K, reserved 1114112K
  class space    used 7801K, committed 8064K, reserved 1048576K
}
Event: 10.516 GC heap after
{Heap after GC invocations=20 (full 0):
 garbage-first heap   total 96256K, used 51341K [0x0000000081400000, 0x0000000100000000)
  region size 1024K, 5 young (5120K), 5 survivors (5120K)
 Metaspace       used 61773K, committed 62272K, reserved 1114112K
  class space    used 7801K, committed 8064K, reserved 1048576K
}
Event: 10.623 GC heap before
{Heap before GC invocations=20 (full 0):
 garbage-first heap   total 96256K, used 71821K [0x0000000081400000, 0x0000000100000000)
  region size 1024K, 26 young (26624K), 5 survivors (5120K)
 Metaspace       used 61831K, committed 62336K, reserved 1114112K
  class space    used 7802K, committed 8064K, reserved 1048576K
}

